#
# There is insufficient memory for the Java Runtime Environment to continue.
# Native memory allocation (malloc) failed to allocate 476128 bytes for Chunk::new
# Possible reasons:
#   The system is out of physical RAM or swap space
#   The process is running with CompressedOops enabled, and the Java Heap may be blocking the growth of the native heap
# Possible solutions:
#   Reduce memory load on the system
#   Increase physical memory or swap space
#   Check if swap backing store is full
#   Decrease Java heap size (-Xmx/-Xms)
#   Decrease number of Java threads
#   Decrease Java thread stack sizes (-Xss)
#   Set larger code cache with -XX:ReservedCodeCacheSize=
#   JVM is running with Zero Based Compressed Oops mode in which the Java heap is
#     placed in the first 32GB address space. The Java Heap base address is the
#     maximum limit for the native heap growth. Please use -XX:HeapBaseMinAddress
#     to set the Java Heap base and to place the Java Heap above 32GB virtual address.
# This output file may be truncated or incomplete.
#
#  Out of Memory Error (t:/workspace/open/src/hotspot/share/memory/arena.cpp:196), pid=6016, tid=8452
#
# JRE version: Java(TM) SE Runtime Environment (13.0.1+9) (build 13.0.1+9)
# Java VM: Java HotSpot(TM) 64-Bit Server VM (13.0.1+9, mixed mode, sharing, tiered, compressed oops, g1 gc, windows-amd64)
# No core dump will be written. Minidumps are not enabled by default on client versions of Windows
#

---------------  S U M M A R Y ------------

Command Line: -javaagent:C:\Program Files\JetBrains\IntelliJ IDEA Community Edition 2019.2.4\lib\idea_rt.jar=63089:C:\Program Files\JetBrains\IntelliJ IDEA Community Edition 2019.2.4\bin -Dfile.encoding=UTF-8 com.example.test.BackendApplication

Host: Intel(R) Core(TM) i5-4670 CPU @ 3.40GHz, 4 cores, 15G,  Windows 10 , 64 bit Build 17763 (10.0.17763.1158)
Time: Wed Jun 17 21:13:15 2020 RTZ 2 (ceia) elapsed time: 1 seconds (0d 0h 0m 1s)

---------------  T H R E A D  ---------------

Current thread (0x000001c89d5eb800):  JavaThread "C2 CompilerThread0" daemon [_thread_in_native, id=8452, stack(0x000000446d400000,0x000000446d500000)]


Current CompileTask:
C2:   1359 1900       4       jdk.internal.module.SystemModuleFinders$SystemModuleReader::findImageLocation (42 bytes)

Stack: [0x000000446d400000,0x000000446d500000]
Native frames: (J=compiled Java code, j=interpreted, Vv=VM code, C=native code)
V  [jvm.dll+0x626eca]
V  [jvm.dll+0x772c6a]
V  [jvm.dll+0x77441f]
V  [jvm.dll+0x774a23]
V  [jvm.dll+0x24da58]
V  [jvm.dll+0xc3ae7]
V  [jvm.dll+0xc406c]
V  [jvm.dll+0x35de75]
V  [jvm.dll+0x1a1000]
V  [jvm.dll+0x2079d6]
V  [jvm.dll+0x206adf]
V  [jvm.dll+0x18b94c]
V  [jvm.dll+0x2159bd]
V  [jvm.dll+0x213e6b]
V  [jvm.dll+0x738b16]
V  [jvm.dll+0x731c0a]
V  [jvm.dll+0x6260c6]
C  [ucrtbase.dll+0x21ffa]
C  [KERNEL32.DLL+0x17974]
C  [ntdll.dll+0x6a271]


---------------  P R O C E S S  ---------------

Threads class SMR info:
_java_thread_list=0x000001c89f0f9f20, length=13, elements={
0x000001c8fa234800, 0x000001c89d5c7000, 0x000001c89d5cc800, 0x000001c89d5e8800,
0x000001c89d5ea800, 0x000001c89d5eb800, 0x000001c89d5ed000, 0x000001c89ded7000,
0x000001c89de71000, 0x000001c89e334800, 0x000001c89e335800, 0x000001c89ed5c000,
0x000001c89f239800
}

Java Threads: ( => current thread )
  0x000001c8fa234800 JavaThread "main" [_thread_in_Java, id=6576, stack(0x000000446c900000,0x000000446ca00000)]
  0x000001c89d5c7000 JavaThread "Reference Handler" daemon [_thread_blocked, id=3812, stack(0x000000446d000000,0x000000446d100000)]
  0x000001c89d5cc800 JavaThread "Finalizer" daemon [_thread_blocked, id=12772, stack(0x000000446d100000,0x000000446d200000)]
  0x000001c89d5e8800 JavaThread "Signal Dispatcher" daemon [_thread_blocked, id=13952, stack(0x000000446d200000,0x000000446d300000)]
  0x000001c89d5ea800 JavaThread "Attach Listener" daemon [_thread_blocked, id=11784, stack(0x000000446d300000,0x000000446d400000)]
=>0x000001c89d5eb800 JavaThread "C2 CompilerThread0" daemon [_thread_in_native, id=8452, stack(0x000000446d400000,0x000000446d500000)]
  0x000001c89d5ed000 JavaThread "C1 CompilerThread0" daemon [_thread_blocked, id=528, stack(0x000000446d500000,0x000000446d600000)]
  0x000001c89ded7000 JavaThread "Sweeper thread" daemon [_thread_blocked, id=12032, stack(0x000000446d600000,0x000000446d700000)]
  0x000001c89de71000 JavaThread "Common-Cleaner" daemon [_thread_blocked, id=9424, stack(0x000000446d700000,0x000000446d800000)]
  0x000001c89e334800 JavaThread "Monitor Ctrl-Break" daemon [_thread_in_native, id=7964, stack(0x000000446d800000,0x000000446d900000)]
  0x000001c89e335800 JavaThread "Service Thread" daemon [_thread_blocked, id=14452, stack(0x000000446d900000,0x000000446da00000)]
  0x000001c89ed5c000 JavaThread "C2 CompilerThread1" daemon [_thread_in_native, id=8428, stack(0x000000446e000000,0x000000446e100000)]
  0x000001c89f239800 Thread [stack: 0x000000446e100000,0x000000446e200000] [id=13588]

Other Threads:
  0x000001c89d5c3000 VMThread "VM Thread" [stack: 0x000000446cf00000,0x000000446d000000] [id=10892]
  0x000001c89e338000 WatcherThread [stack: 0x000000446da00000,0x000000446db00000] [id=6088]
  0x000001c8fa29e800 GCTaskThread "GC Thread#0" [stack: 0x000000446ca00000,0x000000446cb00000] [id=1436]
  0x000001c89e504000 GCTaskThread "GC Thread#1" [stack: 0x000000446db00000,0x000000446dc00000] [id=3540]
  0x000001c89e903800 GCTaskThread "GC Thread#2" [stack: 0x000000446dc00000,0x000000446dd00000] [id=3152]
  0x000001c89e935800 GCTaskThread "GC Thread#3" [stack: 0x000000446dd00000,0x000000446de00000] [id=2200]
  0x000001c8fa2c0000 ConcurrentGCThread "G1 Main Marker" [stack: 0x000000446cb00000,0x000000446cc00000] [id=11920]
  0x000001c8fa2c1800 ConcurrentGCThread "G1 Conc#0" [stack: 0x000000446cc00000,0x000000446cd00000] [id=5064]
  0x000001c89d4c1800 ConcurrentGCThread "G1 Refine#0" [stack: 0x000000446cd00000,0x000000446ce00000] [id=8356]
  0x000001c89e321800 ConcurrentGCThread "G1 Refine#1" [stack: 0x000000446de00000,0x000000446df00000] [id=8836]
  0x000001c89d4c3800 ConcurrentGCThread "G1 Young RemSet Sampling" [stack: 0x000000446ce00000,0x000000446cf00000] [id=10504]

Threads with active compile tasks:
C2 CompilerThread0     1386 1900       4       jdk.internal.module.SystemModuleFinders$SystemModuleReader::findImageLocation (42 bytes)
C2 CompilerThread1     1386 1901  s    4       jdk.internal.jimage.BasicImageReader::findLocation (115 bytes)

VM state:not at safepoint (normal execution)

VM Mutex/Monitor currently owned by a thread: None

Heap address: 0x0000000701200000, size: 4078 MB, Compressed Oops mode: Zero based, Oop shift amount: 3
Narrow klass base: 0x0000000800000000, Narrow klass shift: 3
Compressed class space size: 1073741824 Address: 0x0000000800b40000

Heap:
 garbage-first heap   total 262144K, used 36663K [0x0000000701200000, 0x0000000800000000)
  region size 1024K, 33 young (33792K), 2 survivors (2048K)
 Metaspace       used 15425K, capacity 15973K, committed 16256K, reserved 1062912K
  class space    used 1880K, capacity 2084K, committed 2176K, reserved 1048576K
Heap Regions: E=young(eden), S=young(survivor), O=old, HS=humongous(starts), HC=humongous(continues), CS=collection set, F=free, A=archive, TAMS=top-at-mark-start (previous, next)
|   0|0x0000000701200000, 0x0000000701300000, 0x0000000701300000|100%| O|  |TAMS 0x0000000701200000, 0x0000000701200000| Untracked 
|   1|0x0000000701300000, 0x0000000701400000, 0x0000000701400000|100%| O|  |TAMS 0x0000000701300000, 0x0000000701300000| Untracked 
|   2|0x0000000701400000, 0x0000000701500000, 0x0000000701500000|100%| O|  |TAMS 0x0000000701400000, 0x0000000701400000| Untracked 
|   3|0x0000000701500000, 0x00000007015e2e00, 0x0000000701600000| 88%| O|  |TAMS 0x0000000701500000, 0x0000000701500000| Untracked 
|   4|0x0000000701600000, 0x0000000701600000, 0x0000000701700000|  0%| F|  |TAMS 0x0000000701600000, 0x0000000701600000| Untracked 
|   5|0x0000000701700000, 0x0000000701700000, 0x0000000701800000|  0%| F|  |TAMS 0x0000000701700000, 0x0000000701700000| Untracked 
|   6|0x0000000701800000, 0x0000000701800000, 0x0000000701900000|  0%| F|  |TAMS 0x0000000701800000, 0x0000000701800000| Untracked 
|   7|0x0000000701900000, 0x0000000701900000, 0x0000000701a00000|  0%| F|  |TAMS 0x0000000701900000, 0x0000000701900000| Untracked 
|   8|0x0000000701a00000, 0x0000000701a00000, 0x0000000701b00000|  0%| F|  |TAMS 0x0000000701a00000, 0x0000000701a00000| Untracked 
|   9|0x0000000701b00000, 0x0000000701b00000, 0x0000000701c00000|  0%| F|  |TAMS 0x0000000701b00000, 0x0000000701b00000| Untracked 
|  10|0x0000000701c00000, 0x0000000701c00000, 0x0000000701d00000|  0%| F|  |TAMS 0x0000000701c00000, 0x0000000701c00000| Untracked 
|  11|0x0000000701d00000, 0x0000000701d00000, 0x0000000701e00000|  0%| F|  |TAMS 0x0000000701d00000, 0x0000000701d00000| Untracked 
|  12|0x0000000701e00000, 0x0000000701e00000, 0x0000000701f00000|  0%| F|  |TAMS 0x0000000701e00000, 0x0000000701e00000| Untracked 
|  13|0x0000000701f00000, 0x0000000701f00000, 0x0000000702000000|  0%| F|  |TAMS 0x0000000701f00000, 0x0000000701f00000| Untracked 
|  14|0x0000000702000000, 0x0000000702000000, 0x0000000702100000|  0%| F|  |TAMS 0x0000000702000000, 0x0000000702000000| Untracked 
|  15|0x0000000702100000, 0x0000000702100000, 0x0000000702200000|  0%| F|  |TAMS 0x0000000702100000, 0x0000000702100000| Untracked 
|  16|0x0000000702200000, 0x0000000702200000, 0x0000000702300000|  0%| F|  |TAMS 0x0000000702200000, 0x0000000702200000| Untracked 
|  17|0x0000000702300000, 0x0000000702300000, 0x0000000702400000|  0%| F|  |TAMS 0x0000000702300000, 0x0000000702300000| Untracked 
|  18|0x0000000702400000, 0x0000000702400000, 0x0000000702500000|  0%| F|  |TAMS 0x0000000702400000, 0x0000000702400000| Untracked 
|  19|0x0000000702500000, 0x0000000702500000, 0x0000000702600000|  0%| F|  |TAMS 0x0000000702500000, 0x0000000702500000| Untracked 
|  20|0x0000000702600000, 0x0000000702600000, 0x0000000702700000|  0%| F|  |TAMS 0x0000000702600000, 0x0000000702600000| Untracked 
|  21|0x0000000702700000, 0x0000000702700000, 0x0000000702800000|  0%| F|  |TAMS 0x0000000702700000, 0x0000000702700000| Untracked 
|  22|0x0000000702800000, 0x0000000702800000, 0x0000000702900000|  0%| F|  |TAMS 0x0000000702800000, 0x0000000702800000| Untracked 
|  23|0x0000000702900000, 0x0000000702900000, 0x0000000702a00000|  0%| F|  |TAMS 0x0000000702900000, 0x0000000702900000| Untracked 
|  24|0x0000000702a00000, 0x0000000702a00000, 0x0000000702b00000|  0%| F|  |TAMS 0x0000000702a00000, 0x0000000702a00000| Untracked 
|  25|0x0000000702b00000, 0x0000000702b00000, 0x0000000702c00000|  0%| F|  |TAMS 0x0000000702b00000, 0x0000000702b00000| Untracked 
|  26|0x0000000702c00000, 0x0000000702c00000, 0x0000000702d00000|  0%| F|  |TAMS 0x0000000702c00000, 0x0000000702c00000| Untracked 
|  27|0x0000000702d00000, 0x0000000702d00000, 0x0000000702e00000|  0%| F|  |TAMS 0x0000000702d00000, 0x0000000702d00000| Untracked 
|  28|0x0000000702e00000, 0x0000000702e00000, 0x0000000702f00000|  0%| F|  |TAMS 0x0000000702e00000, 0x0000000702e00000| Untracked 
|  29|0x0000000702f00000, 0x0000000702f00000, 0x0000000703000000|  0%| F|  |TAMS 0x0000000702f00000, 0x0000000702f00000| Untracked 
|  30|0x0000000703000000, 0x0000000703000000, 0x0000000703100000|  0%| F|  |TAMS 0x0000000703000000, 0x0000000703000000| Untracked 
|  31|0x0000000703100000, 0x0000000703100000, 0x0000000703200000|  0%| F|  |TAMS 0x0000000703100000, 0x0000000703100000| Untracked 
|  32|0x0000000703200000, 0x0000000703200000, 0x0000000703300000|  0%| F|  |TAMS 0x0000000703200000, 0x0000000703200000| Untracked 
|  33|0x0000000703300000, 0x0000000703300000, 0x0000000703400000|  0%| F|  |TAMS 0x0000000703300000, 0x0000000703300000| Untracked 
|  34|0x0000000703400000, 0x0000000703400000, 0x0000000703500000|  0%| F|  |TAMS 0x0000000703400000, 0x0000000703400000| Untracked 
|  35|0x0000000703500000, 0x0000000703500000, 0x0000000703600000|  0%| F|  |TAMS 0x0000000703500000, 0x0000000703500000| Untracked 
|  36|0x0000000703600000, 0x0000000703600000, 0x0000000703700000|  0%| F|  |TAMS 0x0000000703600000, 0x0000000703600000| Untracked 
|  37|0x0000000703700000, 0x0000000703700000, 0x0000000703800000|  0%| F|  |TAMS 0x0000000703700000, 0x0000000703700000| Untracked 
|  38|0x0000000703800000, 0x0000000703800000, 0x0000000703900000|  0%| F|  |TAMS 0x0000000703800000, 0x0000000703800000| Untracked 
|  39|0x0000000703900000, 0x0000000703900000, 0x0000000703a00000|  0%| F|  |TAMS 0x0000000703900000, 0x0000000703900000| Untracked 
|  40|0x0000000703a00000, 0x0000000703a00000, 0x0000000703b00000|  0%| F|  |TAMS 0x0000000703a00000, 0x0000000703a00000| Untracked 
|  41|0x0000000703b00000, 0x0000000703b00000, 0x0000000703c00000|  0%| F|  |TAMS 0x0000000703b00000, 0x0000000703b00000| Untracked 
|  42|0x0000000703c00000, 0x0000000703c00000, 0x0000000703d00000|  0%| F|  |TAMS 0x0000000703c00000, 0x0000000703c00000| Untracked 
|  43|0x0000000703d00000, 0x0000000703d00000, 0x0000000703e00000|  0%| F|  |TAMS 0x0000000703d00000, 0x0000000703d00000| Untracked 
|  44|0x0000000703e00000, 0x0000000703e00000, 0x0000000703f00000|  0%| F|  |TAMS 0x0000000703e00000, 0x0000000703e00000| Untracked 
|  45|0x0000000703f00000, 0x0000000703f00000, 0x0000000704000000|  0%| F|  |TAMS 0x0000000703f00000, 0x0000000703f00000| Untracked 
|  46|0x0000000704000000, 0x0000000704000000, 0x0000000704100000|  0%| F|  |TAMS 0x0000000704000000, 0x0000000704000000| Untracked 
|  47|0x0000000704100000, 0x0000000704100000, 0x0000000704200000|  0%| F|  |TAMS 0x0000000704100000, 0x0000000704100000| Untracked 
|  48|0x0000000704200000, 0x0000000704200000, 0x0000000704300000|  0%| F|  |TAMS 0x0000000704200000, 0x0000000704200000| Untracked 
|  49|0x0000000704300000, 0x0000000704300000, 0x0000000704400000|  0%| F|  |TAMS 0x0000000704300000, 0x0000000704300000| Untracked 
|  50|0x0000000704400000, 0x0000000704400000, 0x0000000704500000|  0%| F|  |TAMS 0x0000000704400000, 0x0000000704400000| Untracked 
|  51|0x0000000704500000, 0x0000000704500000, 0x0000000704600000|  0%| F|  |TAMS 0x0000000704500000, 0x0000000704500000| Untracked 
|  52|0x0000000704600000, 0x0000000704600000, 0x0000000704700000|  0%| F|  |TAMS 0x0000000704600000, 0x0000000704600000| Untracked 
|  53|0x0000000704700000, 0x0000000704700000, 0x0000000704800000|  0%| F|  |TAMS 0x0000000704700000, 0x0000000704700000| Untracked 
|  54|0x0000000704800000, 0x0000000704800000, 0x0000000704900000|  0%| F|  |TAMS 0x0000000704800000, 0x0000000704800000| Untracked 
|  55|0x0000000704900000, 0x0000000704900000, 0x0000000704a00000|  0%| F|  |TAMS 0x0000000704900000, 0x0000000704900000| Untracked 
|  56|0x0000000704a00000, 0x0000000704a00000, 0x0000000704b00000|  0%| F|  |TAMS 0x0000000704a00000, 0x0000000704a00000| Untracked 
|  57|0x0000000704b00000, 0x0000000704b00000, 0x0000000704c00000|  0%| F|  |TAMS 0x0000000704b00000, 0x0000000704b00000| Untracked 
|  58|0x0000000704c00000, 0x0000000704c00000, 0x0000000704d00000|  0%| F|  |TAMS 0x0000000704c00000, 0x0000000704c00000| Untracked 
|  59|0x0000000704d00000, 0x0000000704d00000, 0x0000000704e00000|  0%| F|  |TAMS 0x0000000704d00000, 0x0000000704d00000| Untracked 
|  60|0x0000000704e00000, 0x0000000704e00000, 0x0000000704f00000|  0%| F|  |TAMS 0x0000000704e00000, 0x0000000704e00000| Untracked 
|  61|0x0000000704f00000, 0x0000000704f00000, 0x0000000705000000|  0%| F|  |TAMS 0x0000000704f00000, 0x0000000704f00000| Untracked 
|  62|0x0000000705000000, 0x0000000705000000, 0x0000000705100000|  0%| F|  |TAMS 0x0000000705000000, 0x0000000705000000| Untracked 
|  63|0x0000000705100000, 0x0000000705100000, 0x0000000705200000|  0%| F|  |TAMS 0x0000000705100000, 0x0000000705100000| Untracked 
|  64|0x0000000705200000, 0x0000000705200000, 0x0000000705300000|  0%| F|  |TAMS 0x0000000705200000, 0x0000000705200000| Untracked 
|  65|0x0000000705300000, 0x0000000705300000, 0x0000000705400000|  0%| F|  |TAMS 0x0000000705300000, 0x0000000705300000| Untracked 
|  66|0x0000000705400000, 0x0000000705400000, 0x0000000705500000|  0%| F|  |TAMS 0x0000000705400000, 0x0000000705400000| Untracked 
|  67|0x0000000705500000, 0x0000000705500000, 0x0000000705600000|  0%| F|  |TAMS 0x0000000705500000, 0x0000000705500000| Untracked 
|  68|0x0000000705600000, 0x0000000705600000, 0x0000000705700000|  0%| F|  |TAMS 0x0000000705600000, 0x0000000705600000| Untracked 
|  69|0x0000000705700000, 0x0000000705700000, 0x0000000705800000|  0%| F|  |TAMS 0x0000000705700000, 0x0000000705700000| Untracked 
|  70|0x0000000705800000, 0x0000000705800000, 0x0000000705900000|  0%| F|  |TAMS 0x0000000705800000, 0x0000000705800000| Untracked 
|  71|0x0000000705900000, 0x0000000705900000, 0x0000000705a00000|  0%| F|  |TAMS 0x0000000705900000, 0x0000000705900000| Untracked 
|  72|0x0000000705a00000, 0x0000000705a00000, 0x0000000705b00000|  0%| F|  |TAMS 0x0000000705a00000, 0x0000000705a00000| Untracked 
|  73|0x0000000705b00000, 0x0000000705b00000, 0x0000000705c00000|  0%| F|  |TAMS 0x0000000705b00000, 0x0000000705b00000| Untracked 
|  74|0x0000000705c00000, 0x0000000705c00000, 0x0000000705d00000|  0%| F|  |TAMS 0x0000000705c00000, 0x0000000705c00000| Untracked 
|  75|0x0000000705d00000, 0x0000000705d00000, 0x0000000705e00000|  0%| F|  |TAMS 0x0000000705d00000, 0x0000000705d00000| Untracked 
|  76|0x0000000705e00000, 0x0000000705e00000, 0x0000000705f00000|  0%| F|  |TAMS 0x0000000705e00000, 0x0000000705e00000| Untracked 
|  77|0x0000000705f00000, 0x0000000705f00000, 0x0000000706000000|  0%| F|  |TAMS 0x0000000705f00000, 0x0000000705f00000| Untracked 
|  78|0x0000000706000000, 0x0000000706000000, 0x0000000706100000|  0%| F|  |TAMS 0x0000000706000000, 0x0000000706000000| Untracked 
|  79|0x0000000706100000, 0x0000000706100000, 0x0000000706200000|  0%| F|  |TAMS 0x0000000706100000, 0x0000000706100000| Untracked 
|  80|0x0000000706200000, 0x0000000706200000, 0x0000000706300000|  0%| F|  |TAMS 0x0000000706200000, 0x0000000706200000| Untracked 
|  81|0x0000000706300000, 0x0000000706300000, 0x0000000706400000|  0%| F|  |TAMS 0x0000000706300000, 0x0000000706300000| Untracked 
|  82|0x0000000706400000, 0x0000000706400000, 0x0000000706500000|  0%| F|  |TAMS 0x0000000706400000, 0x0000000706400000| Untracked 
|  83|0x0000000706500000, 0x0000000706500000, 0x0000000706600000|  0%| F|  |TAMS 0x0000000706500000, 0x0000000706500000| Untracked 
|  84|0x0000000706600000, 0x0000000706600000, 0x0000000706700000|  0%| F|  |TAMS 0x0000000706600000, 0x0000000706600000| Untracked 
|  85|0x0000000706700000, 0x0000000706700000, 0x0000000706800000|  0%| F|  |TAMS 0x0000000706700000, 0x0000000706700000| Untracked 
|  86|0x0000000706800000, 0x0000000706800000, 0x0000000706900000|  0%| F|  |TAMS 0x0000000706800000, 0x0000000706800000| Untracked 
|  87|0x0000000706900000, 0x0000000706900000, 0x0000000706a00000|  0%| F|  |TAMS 0x0000000706900000, 0x0000000706900000| Untracked 
|  88|0x0000000706a00000, 0x0000000706a00000, 0x0000000706b00000|  0%| F|  |TAMS 0x0000000706a00000, 0x0000000706a00000| Untracked 
|  89|0x0000000706b00000, 0x0000000706b00000, 0x0000000706c00000|  0%| F|  |TAMS 0x0000000706b00000, 0x0000000706b00000| Untracked 
|  90|0x0000000706c00000, 0x0000000706c00000, 0x0000000706d00000|  0%| F|  |TAMS 0x0000000706c00000, 0x0000000706c00000| Untracked 
|  91|0x0000000706d00000, 0x0000000706d00000, 0x0000000706e00000|  0%| F|  |TAMS 0x0000000706d00000, 0x0000000706d00000| Untracked 
|  92|0x0000000706e00000, 0x0000000706e00000, 0x0000000706f00000|  0%| F|  |TAMS 0x0000000706e00000, 0x0000000706e00000| Untracked 
|  93|0x0000000706f00000, 0x0000000706f00000, 0x0000000707000000|  0%| F|  |TAMS 0x0000000706f00000, 0x0000000706f00000| Untracked 
|  94|0x0000000707000000, 0x0000000707000000, 0x0000000707100000|  0%| F|  |TAMS 0x0000000707000000, 0x0000000707000000| Untracked 
|  95|0x0000000707100000, 0x0000000707100000, 0x0000000707200000|  0%| F|  |TAMS 0x0000000707100000, 0x0000000707100000| Untracked 
|  96|0x0000000707200000, 0x0000000707200000, 0x0000000707300000|  0%| F|  |TAMS 0x0000000707200000, 0x0000000707200000| Untracked 
|  97|0x0000000707300000, 0x0000000707300000, 0x0000000707400000|  0%| F|  |TAMS 0x0000000707300000, 0x0000000707300000| Untracked 
|  98|0x0000000707400000, 0x0000000707400000, 0x0000000707500000|  0%| F|  |TAMS 0x0000000707400000, 0x0000000707400000| Untracked 
|  99|0x0000000707500000, 0x0000000707500000, 0x0000000707600000|  0%| F|  |TAMS 0x0000000707500000, 0x0000000707500000| Untracked 
| 100|0x0000000707600000, 0x0000000707600000, 0x0000000707700000|  0%| F|  |TAMS 0x0000000707600000, 0x0000000707600000| Untracked 
| 101|0x0000000707700000, 0x0000000707700000, 0x0000000707800000|  0%| F|  |TAMS 0x0000000707700000, 0x0000000707700000| Untracked 
| 102|0x0000000707800000, 0x0000000707800000, 0x0000000707900000|  0%| F|  |TAMS 0x0000000707800000, 0x0000000707800000| Untracked 
| 103|0x0000000707900000, 0x0000000707900000, 0x0000000707a00000|  0%| F|  |TAMS 0x0000000707900000, 0x0000000707900000| Untracked 
| 104|0x0000000707a00000, 0x0000000707a00000, 0x0000000707b00000|  0%| F|  |TAMS 0x0000000707a00000, 0x0000000707a00000| Untracked 
| 105|0x0000000707b00000, 0x0000000707b00000, 0x0000000707c00000|  0%| F|  |TAMS 0x0000000707b00000, 0x0000000707b00000| Untracked 
| 106|0x0000000707c00000, 0x0000000707c00000, 0x0000000707d00000|  0%| F|  |TAMS 0x0000000707c00000, 0x0000000707c00000| Untracked 
| 107|0x0000000707d00000, 0x0000000707d00000, 0x0000000707e00000|  0%| F|  |TAMS 0x0000000707d00000, 0x0000000707d00000| Untracked 
| 108|0x0000000707e00000, 0x0000000707e00000, 0x0000000707f00000|  0%| F|  |TAMS 0x0000000707e00000, 0x0000000707e00000| Untracked 
| 109|0x0000000707f00000, 0x0000000707f00000, 0x0000000708000000|  0%| F|  |TAMS 0x0000000707f00000, 0x0000000707f00000| Untracked 
| 110|0x0000000708000000, 0x0000000708000000, 0x0000000708100000|  0%| F|  |TAMS 0x0000000708000000, 0x0000000708000000| Untracked 
| 111|0x0000000708100000, 0x0000000708100000, 0x0000000708200000|  0%| F|  |TAMS 0x0000000708100000, 0x0000000708100000| Untracked 
| 112|0x0000000708200000, 0x0000000708200000, 0x0000000708300000|  0%| F|  |TAMS 0x0000000708200000, 0x0000000708200000| Untracked 
| 113|0x0000000708300000, 0x0000000708300000, 0x0000000708400000|  0%| F|  |TAMS 0x0000000708300000, 0x0000000708300000| Untracked 
| 114|0x0000000708400000, 0x0000000708400000, 0x0000000708500000|  0%| F|  |TAMS 0x0000000708400000, 0x0000000708400000| Untracked 
| 115|0x0000000708500000, 0x0000000708500000, 0x0000000708600000|  0%| F|  |TAMS 0x0000000708500000, 0x0000000708500000| Untracked 
| 116|0x0000000708600000, 0x0000000708600000, 0x0000000708700000|  0%| F|  |TAMS 0x0000000708600000, 0x0000000708600000| Untracked 
| 117|0x0000000708700000, 0x0000000708700000, 0x0000000708800000|  0%| F|  |TAMS 0x0000000708700000, 0x0000000708700000| Untracked 
| 118|0x0000000708800000, 0x0000000708800000, 0x0000000708900000|  0%| F|  |TAMS 0x0000000708800000, 0x0000000708800000| Untracked 
| 119|0x0000000708900000, 0x0000000708900000, 0x0000000708a00000|  0%| F|  |TAMS 0x0000000708900000, 0x0000000708900000| Untracked 
| 120|0x0000000708a00000, 0x0000000708a00000, 0x0000000708b00000|  0%| F|  |TAMS 0x0000000708a00000, 0x0000000708a00000| Untracked 
| 121|0x0000000708b00000, 0x0000000708b00000, 0x0000000708c00000|  0%| F|  |TAMS 0x0000000708b00000, 0x0000000708b00000| Untracked 
| 122|0x0000000708c00000, 0x0000000708c00000, 0x0000000708d00000|  0%| F|  |TAMS 0x0000000708c00000, 0x0000000708c00000| Untracked 
| 123|0x0000000708d00000, 0x0000000708d00000, 0x0000000708e00000|  0%| F|  |TAMS 0x0000000708d00000, 0x0000000708d00000| Untracked 
| 124|0x0000000708e00000, 0x0000000708e00000, 0x0000000708f00000|  0%| F|  |TAMS 0x0000000708e00000, 0x0000000708e00000| Untracked 
| 125|0x0000000708f00000, 0x0000000708f00000, 0x0000000709000000|  0%| F|  |TAMS 0x0000000708f00000, 0x0000000708f00000| Untracked 
| 126|0x0000000709000000, 0x0000000709000000, 0x0000000709100000|  0%| F|  |TAMS 0x0000000709000000, 0x0000000709000000| Untracked 
| 127|0x0000000709100000, 0x0000000709100000, 0x0000000709200000|  0%| F|  |TAMS 0x0000000709100000, 0x0000000709100000| Untracked 
| 128|0x0000000709200000, 0x0000000709200000, 0x0000000709300000|  0%| F|  |TAMS 0x0000000709200000, 0x0000000709200000| Untracked 
| 129|0x0000000709300000, 0x0000000709300000, 0x0000000709400000|  0%| F|  |TAMS 0x0000000709300000, 0x0000000709300000| Untracked 
| 130|0x0000000709400000, 0x0000000709400000, 0x0000000709500000|  0%| F|  |TAMS 0x0000000709400000, 0x0000000709400000| Untracked 
| 131|0x0000000709500000, 0x0000000709500000, 0x0000000709600000|  0%| F|  |TAMS 0x0000000709500000, 0x0000000709500000| Untracked 
| 132|0x0000000709600000, 0x0000000709600000, 0x0000000709700000|  0%| F|  |TAMS 0x0000000709600000, 0x0000000709600000| Untracked 
| 133|0x0000000709700000, 0x0000000709700000, 0x0000000709800000|  0%| F|  |TAMS 0x0000000709700000, 0x0000000709700000| Untracked 
| 134|0x0000000709800000, 0x0000000709800000, 0x0000000709900000|  0%| F|  |TAMS 0x0000000709800000, 0x0000000709800000| Untracked 
| 135|0x0000000709900000, 0x0000000709900000, 0x0000000709a00000|  0%| F|  |TAMS 0x0000000709900000, 0x0000000709900000| Untracked 
| 136|0x0000000709a00000, 0x0000000709a00000, 0x0000000709b00000|  0%| F|  |TAMS 0x0000000709a00000, 0x0000000709a00000| Untracked 
| 137|0x0000000709b00000, 0x0000000709b00000, 0x0000000709c00000|  0%| F|  |TAMS 0x0000000709b00000, 0x0000000709b00000| Untracked 
| 138|0x0000000709c00000, 0x0000000709c00000, 0x0000000709d00000|  0%| F|  |TAMS 0x0000000709c00000, 0x0000000709c00000| Untracked 
| 139|0x0000000709d00000, 0x0000000709d00000, 0x0000000709e00000|  0%| F|  |TAMS 0x0000000709d00000, 0x0000000709d00000| Untracked 
| 140|0x0000000709e00000, 0x0000000709e00000, 0x0000000709f00000|  0%| F|  |TAMS 0x0000000709e00000, 0x0000000709e00000| Untracked 
| 141|0x0000000709f00000, 0x0000000709f00000, 0x000000070a000000|  0%| F|  |TAMS 0x0000000709f00000, 0x0000000709f00000| Untracked 
| 142|0x000000070a000000, 0x000000070a000000, 0x000000070a100000|  0%| F|  |TAMS 0x000000070a000000, 0x000000070a000000| Untracked 
| 143|0x000000070a100000, 0x000000070a100000, 0x000000070a200000|  0%| F|  |TAMS 0x000000070a100000, 0x000000070a100000| Untracked 
| 144|0x000000070a200000, 0x000000070a200000, 0x000000070a300000|  0%| F|  |TAMS 0x000000070a200000, 0x000000070a200000| Untracked 
| 145|0x000000070a300000, 0x000000070a300000, 0x000000070a400000|  0%| F|  |TAMS 0x000000070a300000, 0x000000070a300000| Untracked 
| 146|0x000000070a400000, 0x000000070a400000, 0x000000070a500000|  0%| F|  |TAMS 0x000000070a400000, 0x000000070a400000| Untracked 
| 147|0x000000070a500000, 0x000000070a500000, 0x000000070a600000|  0%| F|  |TAMS 0x000000070a500000, 0x000000070a500000| Untracked 
| 148|0x000000070a600000, 0x000000070a600000, 0x000000070a700000|  0%| F|  |TAMS 0x000000070a600000, 0x000000070a600000| Untracked 
| 149|0x000000070a700000, 0x000000070a700000, 0x000000070a800000|  0%| F|  |TAMS 0x000000070a700000, 0x000000070a700000| Untracked 
| 150|0x000000070a800000, 0x000000070a800000, 0x000000070a900000|  0%| F|  |TAMS 0x000000070a800000, 0x000000070a800000| Untracked 
| 151|0x000000070a900000, 0x000000070a900000, 0x000000070aa00000|  0%| F|  |TAMS 0x000000070a900000, 0x000000070a900000| Untracked 
| 152|0x000000070aa00000, 0x000000070aa00000, 0x000000070ab00000|  0%| F|  |TAMS 0x000000070aa00000, 0x000000070aa00000| Untracked 
| 153|0x000000070ab00000, 0x000000070ab00000, 0x000000070ac00000|  0%| F|  |TAMS 0x000000070ab00000, 0x000000070ab00000| Untracked 
| 154|0x000000070ac00000, 0x000000070ac00000, 0x000000070ad00000|  0%| F|  |TAMS 0x000000070ac00000, 0x000000070ac00000| Untracked 
| 155|0x000000070ad00000, 0x000000070ad00000, 0x000000070ae00000|  0%| F|  |TAMS 0x000000070ad00000, 0x000000070ad00000| Untracked 
| 156|0x000000070ae00000, 0x000000070ae00000, 0x000000070af00000|  0%| F|  |TAMS 0x000000070ae00000, 0x000000070ae00000| Untracked 
| 157|0x000000070af00000, 0x000000070af00000, 0x000000070b000000|  0%| F|  |TAMS 0x000000070af00000, 0x000000070af00000| Untracked 
| 158|0x000000070b000000, 0x000000070b000000, 0x000000070b100000|  0%| F|  |TAMS 0x000000070b000000, 0x000000070b000000| Untracked 
| 159|0x000000070b100000, 0x000000070b100000, 0x000000070b200000|  0%| F|  |TAMS 0x000000070b100000, 0x000000070b100000| Untracked 
| 160|0x000000070b200000, 0x000000070b200000, 0x000000070b300000|  0%| F|  |TAMS 0x000000070b200000, 0x000000070b200000| Untracked 
| 161|0x000000070b300000, 0x000000070b300000, 0x000000070b400000|  0%| F|  |TAMS 0x000000070b300000, 0x000000070b300000| Untracked 
| 162|0x000000070b400000, 0x000000070b400000, 0x000000070b500000|  0%| F|  |TAMS 0x000000070b400000, 0x000000070b400000| Untracked 
| 163|0x000000070b500000, 0x000000070b500000, 0x000000070b600000|  0%| F|  |TAMS 0x000000070b500000, 0x000000070b500000| Untracked 
| 164|0x000000070b600000, 0x000000070b600000, 0x000000070b700000|  0%| F|  |TAMS 0x000000070b600000, 0x000000070b600000| Untracked 
| 165|0x000000070b700000, 0x000000070b700000, 0x000000070b800000|  0%| F|  |TAMS 0x000000070b700000, 0x000000070b700000| Untracked 
| 166|0x000000070b800000, 0x000000070b800000, 0x000000070b900000|  0%| F|  |TAMS 0x000000070b800000, 0x000000070b800000| Untracked 
| 167|0x000000070b900000, 0x000000070b900000, 0x000000070ba00000|  0%| F|  |TAMS 0x000000070b900000, 0x000000070b900000| Untracked 
| 168|0x000000070ba00000, 0x000000070ba00000, 0x000000070bb00000|  0%| F|  |TAMS 0x000000070ba00000, 0x000000070ba00000| Untracked 
| 169|0x000000070bb00000, 0x000000070bb00000, 0x000000070bc00000|  0%| F|  |TAMS 0x000000070bb00000, 0x000000070bb00000| Untracked 
| 170|0x000000070bc00000, 0x000000070bc00000, 0x000000070bd00000|  0%| F|  |TAMS 0x000000070bc00000, 0x000000070bc00000| Untracked 
| 171|0x000000070bd00000, 0x000000070bd00000, 0x000000070be00000|  0%| F|  |TAMS 0x000000070bd00000, 0x000000070bd00000| Untracked 
| 172|0x000000070be00000, 0x000000070be00000, 0x000000070bf00000|  0%| F|  |TAMS 0x000000070be00000, 0x000000070be00000| Untracked 
| 173|0x000000070bf00000, 0x000000070bf00000, 0x000000070c000000|  0%| F|  |TAMS 0x000000070bf00000, 0x000000070bf00000| Untracked 
| 174|0x000000070c000000, 0x000000070c000000, 0x000000070c100000|  0%| F|  |TAMS 0x000000070c000000, 0x000000070c000000| Untracked 
| 175|0x000000070c100000, 0x000000070c100000, 0x000000070c200000|  0%| F|  |TAMS 0x000000070c100000, 0x000000070c100000| Untracked 
| 176|0x000000070c200000, 0x000000070c200000, 0x000000070c300000|  0%| F|  |TAMS 0x000000070c200000, 0x000000070c200000| Untracked 
| 177|0x000000070c300000, 0x000000070c300000, 0x000000070c400000|  0%| F|  |TAMS 0x000000070c300000, 0x000000070c300000| Untracked 
| 178|0x000000070c400000, 0x000000070c400000, 0x000000070c500000|  0%| F|  |TAMS 0x000000070c400000, 0x000000070c400000| Untracked 
| 179|0x000000070c500000, 0x000000070c500000, 0x000000070c600000|  0%| F|  |TAMS 0x000000070c500000, 0x000000070c500000| Untracked 
| 180|0x000000070c600000, 0x000000070c600000, 0x000000070c700000|  0%| F|  |TAMS 0x000000070c600000, 0x000000070c600000| Untracked 
| 181|0x000000070c700000, 0x000000070c700000, 0x000000070c800000|  0%| F|  |TAMS 0x000000070c700000, 0x000000070c700000| Untracked 
| 182|0x000000070c800000, 0x000000070c800000, 0x000000070c900000|  0%| F|  |TAMS 0x000000070c800000, 0x000000070c800000| Untracked 
| 183|0x000000070c900000, 0x000000070c900000, 0x000000070ca00000|  0%| F|  |TAMS 0x000000070c900000, 0x000000070c900000| Untracked 
| 184|0x000000070ca00000, 0x000000070ca00000, 0x000000070cb00000|  0%| F|  |TAMS 0x000000070ca00000, 0x000000070ca00000| Untracked 
| 185|0x000000070cb00000, 0x000000070cb00000, 0x000000070cc00000|  0%| F|  |TAMS 0x000000070cb00000, 0x000000070cb00000| Untracked 
| 186|0x000000070cc00000, 0x000000070cc00000, 0x000000070cd00000|  0%| F|  |TAMS 0x000000070cc00000, 0x000000070cc00000| Untracked 
| 187|0x000000070cd00000, 0x000000070cd00000, 0x000000070ce00000|  0%| F|  |TAMS 0x000000070cd00000, 0x000000070cd00000| Untracked 
| 188|0x000000070ce00000, 0x000000070ce00000, 0x000000070cf00000|  0%| F|  |TAMS 0x000000070ce00000, 0x000000070ce00000| Untracked 
| 189|0x000000070cf00000, 0x000000070cf00000, 0x000000070d000000|  0%| F|  |TAMS 0x000000070cf00000, 0x000000070cf00000| Untracked 
| 190|0x000000070d000000, 0x000000070d000000, 0x000000070d100000|  0%| F|  |TAMS 0x000000070d000000, 0x000000070d000000| Untracked 
| 191|0x000000070d100000, 0x000000070d100000, 0x000000070d200000|  0%| F|  |TAMS 0x000000070d100000, 0x000000070d100000| Untracked 
| 192|0x000000070d200000, 0x000000070d200000, 0x000000070d300000|  0%| F|  |TAMS 0x000000070d200000, 0x000000070d200000| Untracked 
| 193|0x000000070d300000, 0x000000070d300000, 0x000000070d400000|  0%| F|  |TAMS 0x000000070d300000, 0x000000070d300000| Untracked 
| 194|0x000000070d400000, 0x000000070d400000, 0x000000070d500000|  0%| F|  |TAMS 0x000000070d400000, 0x000000070d400000| Untracked 
| 195|0x000000070d500000, 0x000000070d500000, 0x000000070d600000|  0%| F|  |TAMS 0x000000070d500000, 0x000000070d500000| Untracked 
| 196|0x000000070d600000, 0x000000070d600000, 0x000000070d700000|  0%| F|  |TAMS 0x000000070d600000, 0x000000070d600000| Untracked 
| 197|0x000000070d700000, 0x000000070d700000, 0x000000070d800000|  0%| F|  |TAMS 0x000000070d700000, 0x000000070d700000| Untracked 
| 198|0x000000070d800000, 0x000000070d800000, 0x000000070d900000|  0%| F|  |TAMS 0x000000070d800000, 0x000000070d800000| Untracked 
| 199|0x000000070d900000, 0x000000070d900000, 0x000000070da00000|  0%| F|  |TAMS 0x000000070d900000, 0x000000070d900000| Untracked 
| 200|0x000000070da00000, 0x000000070da00000, 0x000000070db00000|  0%| F|  |TAMS 0x000000070da00000, 0x000000070da00000| Untracked 
| 201|0x000000070db00000, 0x000000070db00000, 0x000000070dc00000|  0%| F|  |TAMS 0x000000070db00000, 0x000000070db00000| Untracked 
| 202|0x000000070dc00000, 0x000000070dc00000, 0x000000070dd00000|  0%| F|  |TAMS 0x000000070dc00000, 0x000000070dc00000| Untracked 
| 203|0x000000070dd00000, 0x000000070dd00000, 0x000000070de00000|  0%| F|  |TAMS 0x000000070dd00000, 0x000000070dd00000| Untracked 
| 204|0x000000070de00000, 0x000000070de00000, 0x000000070df00000|  0%| F|  |TAMS 0x000000070de00000, 0x000000070de00000| Untracked 
| 205|0x000000070df00000, 0x000000070df00000, 0x000000070e000000|  0%| F|  |TAMS 0x000000070df00000, 0x000000070df00000| Untracked 
| 206|0x000000070e000000, 0x000000070e000000, 0x000000070e100000|  0%| F|  |TAMS 0x000000070e000000, 0x000000070e000000| Untracked 
| 207|0x000000070e100000, 0x000000070e100000, 0x000000070e200000|  0%| F|  |TAMS 0x000000070e100000, 0x000000070e100000| Untracked 
| 208|0x000000070e200000, 0x000000070e200000, 0x000000070e300000|  0%| F|  |TAMS 0x000000070e200000, 0x000000070e200000| Untracked 
| 209|0x000000070e300000, 0x000000070e300000, 0x000000070e400000|  0%| F|  |TAMS 0x000000070e300000, 0x000000070e300000| Untracked 
| 210|0x000000070e400000, 0x000000070e400000, 0x000000070e500000|  0%| F|  |TAMS 0x000000070e400000, 0x000000070e400000| Untracked 
| 211|0x000000070e500000, 0x000000070e500000, 0x000000070e600000|  0%| F|  |TAMS 0x000000070e500000, 0x000000070e500000| Untracked 
| 212|0x000000070e600000, 0x000000070e600000, 0x000000070e700000|  0%| F|  |TAMS 0x000000070e600000, 0x000000070e600000| Untracked 
| 213|0x000000070e700000, 0x000000070e700000, 0x000000070e800000|  0%| F|  |TAMS 0x000000070e700000, 0x000000070e700000| Untracked 
| 214|0x000000070e800000, 0x000000070e800000, 0x000000070e900000|  0%| F|  |TAMS 0x000000070e800000, 0x000000070e800000| Untracked 
| 215|0x000000070e900000, 0x000000070e900000, 0x000000070ea00000|  0%| F|  |TAMS 0x000000070e900000, 0x000000070e900000| Untracked 
| 216|0x000000070ea00000, 0x000000070ea00000, 0x000000070eb00000|  0%| F|  |TAMS 0x000000070ea00000, 0x000000070ea00000| Untracked 
| 217|0x000000070eb00000, 0x000000070eb00000, 0x000000070ec00000|  0%| F|  |TAMS 0x000000070eb00000, 0x000000070eb00000| Untracked 
| 218|0x000000070ec00000, 0x000000070ec00000, 0x000000070ed00000|  0%| F|  |TAMS 0x000000070ec00000, 0x000000070ec00000| Untracked 
| 219|0x000000070ed00000, 0x000000070ed00000, 0x000000070ee00000|  0%| F|  |TAMS 0x000000070ed00000, 0x000000070ed00000| Untracked 
| 220|0x000000070ee00000, 0x000000070ee00000, 0x000000070ef00000|  0%| F|  |TAMS 0x000000070ee00000, 0x000000070ee00000| Untracked 
| 221|0x000000070ef00000, 0x000000070ef00000, 0x000000070f000000|  0%| F|  |TAMS 0x000000070ef00000, 0x000000070ef00000| Untracked 
| 222|0x000000070f000000, 0x000000070f000800, 0x000000070f100000|  0%| E|  |TAMS 0x000000070f000000, 0x000000070f000000| Complete 
| 223|0x000000070f100000, 0x000000070f200000, 0x000000070f200000|100%| E|CS|TAMS 0x000000070f100000, 0x000000070f100000| Complete 
| 224|0x000000070f200000, 0x000000070f300000, 0x000000070f300000|100%| E|CS|TAMS 0x000000070f200000, 0x000000070f200000| Complete 
| 225|0x000000070f300000, 0x000000070f3eae10, 0x000000070f400000| 91%| S|CS|TAMS 0x000000070f300000, 0x000000070f300000| Complete 
| 226|0x000000070f400000, 0x000000070f500000, 0x000000070f500000|100%| S|CS|TAMS 0x000000070f400000, 0x000000070f400000| Complete 
| 227|0x000000070f500000, 0x000000070f600000, 0x000000070f600000|100%| E|CS|TAMS 0x000000070f500000, 0x000000070f500000| Complete 
| 228|0x000000070f600000, 0x000000070f700000, 0x000000070f700000|100%| E|CS|TAMS 0x000000070f600000, 0x000000070f600000| Complete 
| 229|0x000000070f700000, 0x000000070f800000, 0x000000070f800000|100%| E|CS|TAMS 0x000000070f700000, 0x000000070f700000| Complete 
| 230|0x000000070f800000, 0x000000070f900000, 0x000000070f900000|100%| E|CS|TAMS 0x000000070f800000, 0x000000070f800000| Complete 
| 231|0x000000070f900000, 0x000000070fa00000, 0x000000070fa00000|100%| E|CS|TAMS 0x000000070f900000, 0x000000070f900000| Complete 
| 232|0x000000070fa00000, 0x000000070fb00000, 0x000000070fb00000|100%| E|CS|TAMS 0x000000070fa00000, 0x000000070fa00000| Complete 
| 233|0x000000070fb00000, 0x000000070fc00000, 0x000000070fc00000|100%| E|CS|TAMS 0x000000070fb00000, 0x000000070fb00000| Complete 
| 234|0x000000070fc00000, 0x000000070fd00000, 0x000000070fd00000|100%| E|CS|TAMS 0x000000070fc00000, 0x000000070fc00000| Complete 
| 235|0x000000070fd00000, 0x000000070fe00000, 0x000000070fe00000|100%| E|CS|TAMS 0x000000070fd00000, 0x000000070fd00000| Complete 
| 236|0x000000070fe00000, 0x000000070ff00000, 0x000000070ff00000|100%| E|CS|TAMS 0x000000070fe00000, 0x000000070fe00000| Complete 
| 237|0x000000070ff00000, 0x0000000710000000, 0x0000000710000000|100%| E|CS|TAMS 0x000000070ff00000, 0x000000070ff00000| Complete 
| 238|0x0000000710000000, 0x0000000710100000, 0x0000000710100000|100%| E|CS|TAMS 0x0000000710000000, 0x0000000710000000| Complete 
| 239|0x0000000710100000, 0x0000000710200000, 0x0000000710200000|100%| E|CS|TAMS 0x0000000710100000, 0x0000000710100000| Complete 
| 240|0x0000000710200000, 0x0000000710300000, 0x0000000710300000|100%| E|CS|TAMS 0x0000000710200000, 0x0000000710200000| Complete 
| 241|0x0000000710300000, 0x0000000710400000, 0x0000000710400000|100%| E|CS|TAMS 0x0000000710300000, 0x0000000710300000| Complete 
| 242|0x0000000710400000, 0x0000000710500000, 0x0000000710500000|100%| E|CS|TAMS 0x0000000710400000, 0x0000000710400000| Complete 
| 243|0x0000000710500000, 0x0000000710600000, 0x0000000710600000|100%| E|CS|TAMS 0x0000000710500000, 0x0000000710500000| Complete 
| 244|0x0000000710600000, 0x0000000710700000, 0x0000000710700000|100%| E|CS|TAMS 0x0000000710600000, 0x0000000710600000| Complete 
| 245|0x0000000710700000, 0x0000000710800000, 0x0000000710800000|100%| E|CS|TAMS 0x0000000710700000, 0x0000000710700000| Complete 
| 246|0x0000000710800000, 0x0000000710900000, 0x0000000710900000|100%| E|CS|TAMS 0x0000000710800000, 0x0000000710800000| Complete 
| 247|0x0000000710900000, 0x0000000710a00000, 0x0000000710a00000|100%| E|CS|TAMS 0x0000000710900000, 0x0000000710900000| Complete 
| 248|0x0000000710a00000, 0x0000000710b00000, 0x0000000710b00000|100%| E|CS|TAMS 0x0000000710a00000, 0x0000000710a00000| Complete 
| 249|0x0000000710b00000, 0x0000000710c00000, 0x0000000710c00000|100%| E|CS|TAMS 0x0000000710b00000, 0x0000000710b00000| Complete 
| 250|0x0000000710c00000, 0x0000000710d00000, 0x0000000710d00000|100%| E|CS|TAMS 0x0000000710c00000, 0x0000000710c00000| Complete 
| 251|0x0000000710d00000, 0x0000000710e00000, 0x0000000710e00000|100%| E|CS|TAMS 0x0000000710d00000, 0x0000000710d00000| Complete 
| 252|0x0000000710e00000, 0x0000000710f00000, 0x0000000710f00000|100%| E|CS|TAMS 0x0000000710e00000, 0x0000000710e00000| Complete 
| 253|0x0000000710f00000, 0x0000000711000000, 0x0000000711000000|100%| E|CS|TAMS 0x0000000710f00000, 0x0000000710f00000| Complete 
| 254|0x0000000711000000, 0x0000000711100000, 0x0000000711100000|100%| E|CS|TAMS 0x0000000711000000, 0x0000000711000000| Complete 
| 255|0x0000000711100000, 0x0000000711200000, 0x0000000711200000|100%| E|CS|TAMS 0x0000000711100000, 0x0000000711100000| Complete 

Card table byte_map: [0x000001c8fab00000,0x000001c8fb300000] _byte_map_base: 0x000001c8f72f7000

Marking Bits (Prev, Next): (CMBitMap*) 0x000001c8fa29f618, (CMBitMap*) 0x000001c8fa29f658
 Prev Bits: [0x000001c8fbb00000, 0x000001c8ffab8000)
 Next Bits: [0x000001c897430000, 0x000001c89b3e8000)

Polling page: 0x000001c8f8030000

Metaspace:

Usage:
  Non-class:     13.56 MB capacity,    13.23 MB ( 98%) used,   287.03 KB (  2%) free+waste,    50.19 KB ( <1%) overhead. 
      Class:      2.04 MB capacity,     1.84 MB ( 90%) used,   177.76 KB (  9%) free+waste,    26.13 KB (  1%) overhead. 
       Both:     15.60 MB capacity,    15.07 MB ( 97%) used,   464.79 KB (  3%) free+waste,    76.31 KB ( <1%) overhead. 

Virtual space:
  Non-class space:       14.00 MB reserved,      13.75 MB ( 98%) committed 
      Class space:        1.00 GB reserved,       2.13 MB ( <1%) committed 
             Both:        1.01 GB reserved,      15.88 MB (  2%) committed 

Chunk freelists:
   Non-Class:  0 bytes
       Class:  28.00 KB
        Both:  28.00 KB

MaxMetaspaceSize: 17179869184.00 GB
CompressedClassSpaceSize: 1.00 GB

CodeHeap 'non-profiled nmethods': size=120064Kb used=805Kb max_used=805Kb free=119258Kb
 bounds [0x000001c88fef0000, 0x000001c890160000, 0x000001c897430000]
CodeHeap 'profiled nmethods': size=120000Kb used=4104Kb max_used=4104Kb free=115895Kb
 bounds [0x000001c8889c0000, 0x000001c888dd0000, 0x000001c88fef0000]
CodeHeap 'non-nmethods': size=5696Kb used=1205Kb max_used=1241Kb free=4490Kb
 bounds [0x000001c888430000, 0x000001c8886a0000, 0x000001c8889c0000]
 total_blobs=3189 nmethods=1978 adapters=373
 compilation: enabled
              stopped_count=0, restarted_count=0
 full_count=0

Compilation events (20 events):
Event: 1.345 Thread 0x000001c89d5ed000 nmethod 1926 0x000001c888d9fc10 code [0x000001c888d9fe00, 0x000001c888da02e0]
Event: 1.345 Thread 0x000001c89d5ed000 1927       3       java.lang.String::trim (35 bytes)
Event: 1.345 Thread 0x000001c89d5ed000 nmethod 1927 0x000001c888da0490 code [0x000001c888da0660, 0x000001c888da09c0]
Event: 1.353 Thread 0x000001c89d5ed000 1928       3       java.net.URL::openConnection (9 bytes)
Event: 1.353 Thread 0x000001c89d5ed000 nmethod 1928 0x000001c888da0a90 code [0x000001c888da0c40, 0x000001c888da0eb0]
Event: 1.353 Thread 0x000001c89d5ed000 1929       3       java.net.URLConnection::<init> (62 bytes)
Event: 1.353 Thread 0x000001c89d5ed000 nmethod 1929 0x000001c888da0f90 code [0x000001c888da11c0, 0x000001c888da1930]
Event: 1.353 Thread 0x000001c89d5ed000 1931       3       java.io.FilterInputStream::<init> (10 bytes)
Event: 1.353 Thread 0x000001c89d5ed000 nmethod 1931 0x000001c888da1b90 code [0x000001c888da1d40, 0x000001c888da1fd8]
Event: 1.353 Thread 0x000001c89d5ed000 1930       3       java.net.URLConnection::getDefaultUseCaches (30 bytes)
Event: 1.353 Thread 0x000001c89d5ed000 nmethod 1930 0x000001c888da2090 code [0x000001c888da2280, 0x000001c888da27b0]
Event: 1.354 Thread 0x000001c89d5ed000 1932       3       org.springframework.core.annotation.MergedAnnotationsCollection$AnnotationsSpliterator::tryAdvance (116 bytes)
Event: 1.354 Thread 0x000001c89d5ed000 nmethod 1932 0x000001c888da2990 code [0x000001c888da2ba0, 0x000001c888da3200]
Event: 1.354 Thread 0x000001c89d5ed000 1934       3       org.springframework.boot.context.properties.source.ConfigurationPropertyName$$Lambda$95/0x0000000800c1b440::test (6 bytes)
Event: 1.354 Thread 0x000001c89d5ed000 nmethod 1934 0x000001c888da3490 code [0x000001c888da3660, 0x000001c888da3b18]
Event: 1.354 Thread 0x000001c89d5ed000 1933       3       org.springframework.core.env.MapPropertySource::getProperty (14 bytes)
Event: 1.354 Thread 0x000001c89d5ed000 nmethod 1933 0x000001c888da3c90 code [0x000001c888da3e40, 0x000001c888da41b0]
Event: 1.357 Thread 0x000001c89d5ed000 1935       3       org.springframework.core.io.ClassPathResource::hashCode (8 bytes)
Event: 1.357 Thread 0x000001c89d5ed000 nmethod 1935 0x000001c888da4290 code [0x000001c888da4440, 0x000001c888da4610]
Event: 1.358 Thread 0x000001c89d5ed000 1936   !   3       org.springframework.boot.autoconfigure.condition.FilteringSpringBootCondition$ClassNameFilter::isPresent (19 bytes)

GC Heap History (6 events):
Event: 0.595 GC heap before
{Heap before GC invocations=0 (full 0):
 garbage-first heap   total 262144K, used 14336K [0x0000000701200000, 0x0000000800000000)
  region size 1024K, 14 young (14336K), 0 survivors (0K)
 Metaspace       used 4024K, capacity 6446K, committed 6528K, reserved 1056768K
  class space    used 426K, capacity 640K, committed 640K, reserved 1048576K
}
Event: 0.598 GC heap after
{Heap after GC invocations=1 (full 0):
 garbage-first heap   total 262144K, used 3955K [0x0000000701200000, 0x0000000800000000)
  region size 1024K, 2 young (2048K), 2 survivors (2048K)
 Metaspace       used 4024K, capacity 6446K, committed 6528K, reserved 1056768K
  class space    used 426K, capacity 640K, committed 640K, reserved 1048576K
}
Event: 0.722 GC heap before
{Heap before GC invocations=1 (full 0):
 garbage-first heap   total 262144K, used 14195K [0x0000000701200000, 0x0000000800000000)
  region size 1024K, 12 young (12288K), 2 survivors (2048K)
 Metaspace       used 6419K, capacity 8044K, committed 8192K, reserved 1056768K
  class space    used 745K, capacity 924K, committed 1024K, reserved 1048576K
}
Event: 0.725 GC heap after
{Heap after GC invocations=2 (full 0):
 garbage-first heap   total 262144K, used 4810K [0x0000000701200000, 0x0000000800000000)
  region size 1024K, 1 young (1024K), 1 survivors (1024K)
 Metaspace       used 6419K, capacity 8044K, committed 8192K, reserved 1056768K
  class space    used 745K, capacity 924K, committed 1024K, reserved 1048576K
}
Event: 1.022 GC heap before
{Heap before GC invocations=2 (full 0):
 garbage-first heap   total 262144K, used 33482K [0x0000000701200000, 0x0000000800000000)
  region size 1024K, 29 young (29696K), 1 survivors (1024K)
 Metaspace       used 12852K, capacity 13632K, committed 13824K, reserved 1060864K
  class space    used 1565K, capacity 1734K, committed 1792K, reserved 1048576K
}
Event: 1.024 GC heap after
{Heap after GC invocations=3 (full 0):
 garbage-first heap   total 262144K, used 5943K [0x0000000701200000, 0x0000000800000000)
  region size 1024K, 2 young (2048K), 2 survivors (2048K)
 Metaspace       used 12852K, capacity 13632K, committed 13824K, reserved 1060864K
  class space    used 1565K, capacity 1734K, committed 1792K, reserved 1048576K
}

Deoptimization events (20 events):
Event: 1.193 Thread 0x000001c8fa234800 DEOPT PACKING pc=0x000001c888d0e051 sp=0x000000446c9fe3d0
Event: 1.193 Thread 0x000001c8fa234800 DEOPT UNPACKING pc=0x000001c88847964e sp=0x000000446c9fd908 mode 0
Event: 1.193 Thread 0x000001c8fa234800 DEOPT PACKING pc=0x000001c888d0c195 sp=0x000000446c9fe2e0
Event: 1.193 Thread 0x000001c8fa234800 DEOPT UNPACKING pc=0x000001c88847964e sp=0x000000446c9fd7d0 mode 0
Event: 1.193 Thread 0x000001c8fa234800 DEOPT PACKING pc=0x000001c888ae84de sp=0x000000446c9fe2c0
Event: 1.193 Thread 0x000001c8fa234800 DEOPT UNPACKING pc=0x000001c88847964e sp=0x000000446c9fd7d8 mode 0
Event: 1.193 Thread 0x000001c8fa234800 DEOPT PACKING pc=0x000001c888d0c195 sp=0x000000446c9fe2e0
Event: 1.193 Thread 0x000001c8fa234800 DEOPT UNPACKING pc=0x000001c88847964e sp=0x000000446c9fd7d0 mode 0
Event: 1.193 Thread 0x000001c8fa234800 DEOPT PACKING pc=0x000001c888d0e051 sp=0x000000446c9fe3d0
Event: 1.193 Thread 0x000001c8fa234800 DEOPT UNPACKING pc=0x000001c88847964e sp=0x000000446c9fd908 mode 0
Event: 1.193 Thread 0x000001c8fa234800 DEOPT PACKING pc=0x000001c888ae84de sp=0x000000446c9fe300
Event: 1.193 Thread 0x000001c8fa234800 DEOPT UNPACKING pc=0x000001c88847964e sp=0x000000446c9fd840 mode 0
Event: 1.243 Thread 0x000001c8fa234800 DEOPT PACKING pc=0x000001c888cf69f8 sp=0x000000446c9fb440
Event: 1.243 Thread 0x000001c8fa234800 DEOPT UNPACKING pc=0x000001c88847964e sp=0x000000446c9fa948 mode 0
Event: 1.298 Thread 0x000001c8fa234800 DEOPT PACKING pc=0x000001c888cf69f8 sp=0x000000446c9f9400
Event: 1.298 Thread 0x000001c8fa234800 DEOPT UNPACKING pc=0x000001c88847964e sp=0x000000446c9f8908 mode 0
Event: 1.309 Thread 0x000001c8fa234800 Uncommon trap: trap_request=0xffffffc6 fr.pc=0x000001c88ffa9d50 relative=0x00000000000022b0
Event: 1.309 Thread 0x000001c8fa234800 Uncommon trap: reason=bimorphic_or_optimized_type_check action=maybe_recompile pc=0x000001c88ffa9d50 method=java.util.HashMap.putVal(ILjava/lang/Object;Ljava/lang/Object;ZZ)Ljava/lang/Object; @ 203 c2
Event: 1.309 Thread 0x000001c8fa234800 DEOPT PACKING pc=0x000001c88ffa9d50 sp=0x000000446c9fe060
Event: 1.309 Thread 0x000001c8fa234800 DEOPT UNPACKING pc=0x000001c88847912f sp=0x000000446c9fdf38 mode 2

Classes unloaded (0 events):
No events

Classes redefined (0 events):
No events

Internal exceptions (20 events):
Event: 0.956 Thread 0x000001c8fa234800 Exception <a 'java/lang/NoClassDefFoundError'{0x000000070f7520c8}: org/springframework/jdbc/CannotGetJdbcConnectionException> (0x000000070f7520c8) 
thrown [t:/workspace/open/src/hotspot/share/classfile/systemDictionary.cpp, line 221]
Event: 0.972 Thread 0x000001c8fa234800 Exception <a 'java/lang/NoSuchMethodError'{0x000000070f7ef508}: 'org.slf4j.impl.StaticMDCBinder org.slf4j.impl.StaticMDCBinder.getSingleton()'> (0x000000070f7ef508) 
thrown [t:/workspace/open/src/hotspot/share/interpreter/linkResolver.cpp, line 767]
Event: 0.973 Thread 0x000001c8fa234800 Implicit null exception at 0x000001c88ff2e5e5 to 0x000001c88ff2e802
Event: 1.077 Thread 0x000001c8fa234800 Exception <a 'java/lang/ClassNotFoundException'{0x0000000710e11210}: java/lang/ObjectCustomizer> (0x0000000710e11210) 
thrown [t:/workspace/open/src/hotspot/share/classfile/systemDictionary.cpp, line 232]
Event: 1.079 Thread 0x000001c8fa234800 Exception <a 'java/lang/IncompatibleClassChangeError'{0x0000000710e16108}: Found class java.lang.Object, but interface was expected> (0x0000000710e16108) 
thrown [t:/workspace/open/src/hotspot/share/interpreter/linkResolver.cpp, line 833]
Event: 1.086 Thread 0x000001c8fa234800 Exception <a 'java/lang/ClassNotFoundException'{0x0000000710e435c0}: org/springframework/context/annotation/ConfigurationClassPostProcessorCustomizer> (0x0000000710e435c0) 
thrown [t:/workspace/open/src/hotspot/share/classfile/systemDictionary.cpp, line 232]
Event: 1.094 Thread 0x000001c8fa234800 Exception <a 'java/lang/ClassNotFoundException'{0x0000000710ea2c28}: org/springframework/beans/factory/support/BeanDefinitionRegistryPostProcessorCustomizer> (0x0000000710ea2c28) 
thrown [t:/workspace/open/src/hotspot/share/classfile/systemDictionary.cpp, line 232]
Event: 1.094 Thread 0x000001c8fa234800 Exception <a 'java/lang/ClassNotFoundException'{0x0000000710eabe68}: org/springframework/beans/factory/config/BeanFactoryPostProcessorCustomizer> (0x0000000710eabe68) 
thrown [t:/workspace/open/src/hotspot/share/classfile/systemDictionary.cpp, line 232]
Event: 1.095 Thread 0x000001c8fa234800 Exception <a 'java/lang/ClassNotFoundException'{0x0000000710eb3df0}: org/springframework/core/PriorityOrderedCustomizer> (0x0000000710eb3df0) 
thrown [t:/workspace/open/src/hotspot/share/classfile/systemDictionary.cpp, line 232]
Event: 1.095 Thread 0x000001c8fa234800 Exception <a 'java/lang/ClassNotFoundException'{0x0000000710eba4d8}: org/springframework/core/OrderedCustomizer> (0x0000000710eba4d8) 
thrown [t:/workspace/open/src/hotspot/share/classfile/systemDictionary.cpp, line 232]
Event: 1.095 Thread 0x000001c8fa234800 Exception <a 'java/lang/ClassNotFoundException'{0x0000000710ec2568}: org/springframework/context/ResourceLoaderAwareCustomizer> (0x0000000710ec2568) 
thrown [t:/workspace/open/src/hotspot/share/classfile/systemDictionary.cpp, line 232]
Event: 1.096 Thread 0x000001c8fa234800 Exception <a 'java/lang/ClassNotFoundException'{0x0000000710eca230}: org/springframework/beans/factory/AwareCustomizer> (0x0000000710eca230) 
thrown [t:/workspace/open/src/hotspot/share/classfile/systemDictionary.cpp, line 232]
Event: 1.096 Thread 0x000001c8fa234800 Exception <a 'java/lang/ClassNotFoundException'{0x0000000710ed1998}: org/springframework/beans/factory/BeanClassLoaderAwareCustomizer> (0x0000000710ed1998) 
thrown [t:/workspace/open/src/hotspot/share/classfile/systemDictionary.cpp, line 232]
Event: 1.097 Thread 0x000001c8fa234800 Exception <a 'java/lang/ClassNotFoundException'{0x0000000710ed9678}: org/springframework/beans/factory/AwareCustomizer> (0x0000000710ed9678) 
thrown [t:/workspace/open/src/hotspot/share/classfile/systemDictionary.cpp, line 232]
Event: 1.097 Thread 0x000001c8fa234800 Exception <a 'java/lang/ClassNotFoundException'{0x0000000710ee0660}: org/springframework/context/EnvironmentAwareCustomizer> (0x0000000710ee0660) 
thrown [t:/workspace/open/src/hotspot/share/classfile/systemDictionary.cpp, line 232]
Event: 1.097 Thread 0x000001c8fa234800 Exception <a 'java/lang/ClassNotFoundException'{0x0000000710ee8290}: org/springframework/beans/factory/AwareCustomizer> (0x0000000710ee8290) 
thrown [t:/workspace/open/src/hotspot/share/classfile/systemDictionary.cpp, line 232]
Event: 1.135 Thread 0x000001c8fa234800 Exception <a 'java/lang/NoSuchMethodError'{0x0000000710b14030}: 'int java.lang.invoke.DirectMethodHandle$Holder.invokeSpecialIFC(java.lang.Object, java.lang.Object, java.lang.Object, java.lang.Object)'> (0x0000000710b14030) 
thrown [t:/workspace/open/src/hotspot/share/interpreter/linkResolver.cpp, line 767]
Event: 1.187 Thread 0x000001c8fa234800 Exception <a 'java/lang/IncompatibleClassChangeError'{0x0000000710756a08}: Found class java.lang.Object, but interface was expected> (0x0000000710756a08) 
thrown [t:/workspace/open/src/hotspot/share/interpreter/linkResolver.cpp, line 833]
Event: 1.226 Thread 0x000001c8fa234800 Exception <a 'java/lang/NoSuchMethodError'{0x0000000710558bc8}: 'void java.lang.invoke.DirectMethodHandle$Holder.invokeStatic(java.lang.Object, java.lang.Object, java.lang.Object, java.lang.Object)'> (0x0000000710558bc8) 
thrown [t:/workspace/open/src/hotspot/share/interpreter/linkResolver.cpp, line 767]
Event: 1.227 Thread 0x000001c8fa234800 Exception <a 'java/lang/NoSuchMethodError'{0x0000000710565408}: 'void java.lang.invoke.DirectMethodHandle$Holder.invokeInterface(java.lang.Object, java.lang.Object, java.lang.Object, java.lang.Object)'> (0x0000000710565408) 
thrown [t:/workspace/open/src/hotspot/share/interpreter/linkResolver.cpp, line 767]

Events (20 events):
Event: 1.337 Thread 0x000001c89f0e3000 Thread exited: 0x000001c89f0e3000
Event: 1.337 Thread 0x000001c89f11b800 Thread exited: 0x000001c89f11b800
Event: 1.338 Thread 0x000001c89f0e3000 Thread added: 0x000001c89f0e3000
Event: 1.338 Thread 0x000001c89f0e3000 Thread exited: 0x000001c89f0e3000
Event: 1.340 Thread 0x000001c89f0e3000 Thread added: 0x000001c89f0e3000
Event: 1.341 Thread 0x000001c89f0e3000 Thread exited: 0x000001c89f0e3000
Event: 1.342 Thread 0x000001c89f0e3000 Thread added: 0x000001c89f0e3000
Event: 1.346 Thread 0x000001c89f11b800 Thread added: 0x000001c89f11b800
Event: 1.346 Executing VM operation: BulkRevokeBias
Event: 1.351 Thread 0x000001c89f0e3000 Thread exited: 0x000001c89f0e3000
Event: 1.351 Executing VM operation: BulkRevokeBias done
Event: 1.351 Thread 0x000001c89f11b800 Thread exited: 0x000001c89f11b800
Event: 1.353 loading class org/aspectj/weaver/Advice
Event: 1.353 loading class org/aspectj/weaver/Advice done
Event: 1.353 loading class org/aspectj/weaver/Advice
Event: 1.353 loading class org/aspectj/weaver/Advice done
Event: 1.354 Thread 0x000001c89f0e3000 Thread added: 0x000001c89f0e3000
Event: 1.356 Thread 0x000001c89f0e3000 Thread exited: 0x000001c89f0e3000
Event: 1.358 loading class org/aspectj/weaver/Advice
Event: 1.358 loading class org/aspectj/weaver/Advice done


Dynamic libraries:
0x00007ff788eb0000 - 0x00007ff788ebf000 	C:\Program Files\Java\jdk-13.0.1\bin\java.exe
0x00007ffb15e50000 - 0x00007ffb1603d000 	C:\Windows\SYSTEM32\ntdll.dll
0x00007ffb13610000 - 0x00007ffb136c3000 	C:\Windows\System32\KERNEL32.DLL
0x00007ffb12140000 - 0x00007ffb123d5000 	C:\Windows\System32\KERNELBASE.dll
0x00007ffb12460000 - 0x00007ffb1255a000 	C:\Windows\System32\ucrtbase.dll
0x00007ffb0e6b0000 - 0x00007ffb0e6c5000 	C:\Program Files\Java\jdk-13.0.1\bin\VCRUNTIME140.dll
0x00007ffb02ef0000 - 0x00007ffb02f08000 	C:\Program Files\Java\jdk-13.0.1\bin\jli.dll
0x00007ffb13fc0000 - 0x00007ffb14063000 	C:\Windows\System32\ADVAPI32.dll
0x00007ffb139e0000 - 0x00007ffb13a7e000 	C:\Windows\System32\msvcrt.dll
0x00007ffb134f0000 - 0x00007ffb1358e000 	C:\Windows\System32\sechost.dll
0x00007ffb13ae0000 - 0x00007ffb13c02000 	C:\Windows\System32\RPCRT4.dll
0x00007ffb15a90000 - 0x00007ffb15c27000 	C:\Windows\System32\USER32.dll
0x00007ffb08580000 - 0x00007ffb087f9000 	C:\Windows\WinSxS\amd64_microsoft.windows.common-controls_6595b64144ccf1df_6.0.17763.1282_none_de75b6f253473c0f\COMCTL32.dll
0x00007ffb123e0000 - 0x00007ffb12400000 	C:\Windows\System32\win32u.dll
0x00007ffb15a60000 - 0x00007ffb15a89000 	C:\Windows\System32\GDI32.dll
0x00007ffb156b0000 - 0x00007ffb159dc000 	C:\Windows\System32\combase.dll
0x00007ffb12e00000 - 0x00007ffb12e7e000 	C:\Windows\System32\bcryptPrimitives.dll
0x00007ffb12ed0000 - 0x00007ffb1306a000 	C:\Windows\System32\gdi32full.dll
0x00007ffb12d60000 - 0x00007ffb12e00000 	C:\Windows\System32\msvcp_win.dll
0x00007ffb0d4f0000 - 0x00007ffb0d4fa000 	C:\Windows\SYSTEM32\VERSION.dll
0x00007ffb139b0000 - 0x00007ffb139de000 	C:\Windows\System32\IMM32.DLL
0x00007ffaf7b00000 - 0x00007ffaf7b9b000 	C:\Program Files\Java\jdk-13.0.1\bin\msvcp140.dll
0x00007ffad28e0000 - 0x00007ffad3446000 	C:\Program Files\Java\jdk-13.0.1\bin\server\jvm.dll
0x00007ffb13e50000 - 0x00007ffb13e58000 	C:\Windows\System32\PSAPI.DLL
0x00007ffb012d0000 - 0x00007ffb012d9000 	C:\Windows\SYSTEM32\WSOCK32.dll
0x00007ffb14130000 - 0x00007ffb1419d000 	C:\Windows\System32\WS2_32.dll
0x00007ffb0fe80000 - 0x00007ffb0fea4000 	C:\Windows\SYSTEM32\WINMM.dll
0x00007ffb0fe50000 - 0x00007ffb0fe7d000 	C:\Windows\SYSTEM32\WINMMBASE.dll
0x00007ffb12e80000 - 0x00007ffb12eca000 	C:\Windows\System32\cfgmgr32.dll
0x00007ffb11e40000 - 0x00007ffb11e51000 	C:\Windows\System32\kernel.appcore.dll
0x00007ffb0e290000 - 0x00007ffb0e2a0000 	C:\Program Files\Java\jdk-13.0.1\bin\verify.dll
0x00007ffaff850000 - 0x00007ffaffa3d000 	C:\Windows\SYSTEM32\DBGHELP.DLL
0x00007ffaff740000 - 0x00007ffaff76a000 	C:\Windows\SYSTEM32\dbgcore.DLL
0x00007ffb02300000 - 0x00007ffb02326000 	C:\Program Files\Java\jdk-13.0.1\bin\java.dll
0x00007ffb06fc0000 - 0x00007ffb06fce000 	C:\Program Files\Java\jdk-13.0.1\bin\instrument.dll
0x00007ffafabe0000 - 0x00007ffafabf7000 	C:\Program Files\Java\jdk-13.0.1\bin\zip.dll
0x00007ffb0d400000 - 0x00007ffb0d40a000 	C:\Program Files\Java\jdk-13.0.1\bin\jimage.dll
0x00007ffb141b0000 - 0x00007ffb156a8000 	C:\Windows\System32\SHELL32.dll
0x00007ffb13f10000 - 0x00007ffb13fb8000 	C:\Windows\System32\shcore.dll
0x00007ffb12610000 - 0x00007ffb12d5f000 	C:\Windows\System32\windows.storage.dll
0x00007ffb11ee0000 - 0x00007ffb11f04000 	C:\Windows\System32\profapi.dll
0x00007ffb11e60000 - 0x00007ffb11ebd000 	C:\Windows\System32\powrprof.dll
0x00007ffb140d0000 - 0x00007ffb14122000 	C:\Windows\System32\shlwapi.dll
0x00007ffb11f10000 - 0x00007ffb11f27000 	C:\Windows\System32\cryptsp.dll
0x00007ffafabc0000 - 0x00007ffafabd9000 	C:\Program Files\Java\jdk-13.0.1\bin\net.dll
0x00007ffb06c90000 - 0x00007ffb06d82000 	C:\Windows\SYSTEM32\WINHTTP.dll
0x00007ffb115f0000 - 0x00007ffb11657000 	C:\Windows\system32\mswsock.dll
0x00007ffaf7ae0000 - 0x00007ffaf7af3000 	C:\Program Files\Java\jdk-13.0.1\bin\nio.dll
0x00007ffaf7ac0000 - 0x00007ffaf7ada000 	C:\Program Files\JetBrains\IntelliJ IDEA Community Edition 2019.2.4\bin\breakgen64.dll
0x00007ffb02ee0000 - 0x00007ffb02ee9000 	C:\Program Files\Java\jdk-13.0.1\bin\management.dll
0x00007ffb022d0000 - 0x00007ffb022db000 	C:\Program Files\Java\jdk-13.0.1\bin\management_ext.dll
0x00007ffaf8c20000 - 0x00007ffaf8c36000 	C:\Windows\system32\napinsp.dll
0x00007ffaf8ba0000 - 0x00007ffaf8bba000 	C:\Windows\system32\pnrpnsp.dll
0x00007ffb11360000 - 0x00007ffb11427000 	C:\Windows\SYSTEM32\DNSAPI.dll
0x00007ffb13d70000 - 0x00007ffb13d78000 	C:\Windows\System32\NSI.dll
0x00007ffb11320000 - 0x00007ffb1135d000 	C:\Windows\SYSTEM32\IPHLPAPI.DLL
0x00007ffaf94c0000 - 0x00007ffaf94ce000 	C:\Windows\System32\winrnr.dll
0x00007ffb0e670000 - 0x00007ffb0e68b000 	C:\Windows\system32\NLAapi.dll
0x00007ffaf8b40000 - 0x00007ffaf8b55000 	C:\Windows\system32\wshbth.dll
0x00000000711c0000 - 0x00000000711e6000 	C:\Program Files\Bonjour\mdnsNSP.dll
0x00007ffb067f0000 - 0x00007ffb067fa000 	C:\Windows\System32\rasadhlp.dll
0x00007ffb07390000 - 0x00007ffb07409000 	C:\Windows\System32\fwpuclnt.dll
0x00007ffb12110000 - 0x00007ffb12136000 	C:\Windows\System32\bcrypt.dll

dbghelp: loaded successfully - version: 4.0.5 - missing functions: none
symbol engine: initialized successfully - sym options: 0x614 - pdb path: .;C:\Program Files\Java\jdk-13.0.1\bin;C:\Windows\SYSTEM32;C:\Windows\WinSxS\amd64_microsoft.windows.common-controls_6595b64144ccf1df_6.0.17763.1282_none_de75b6f253473c0f;C:\Program Files\Java\jdk-13.0.1\bin\server;C:\Program Files\JetBrains\IntelliJ IDEA Community Edition 2019.2.4\bin;C:\Program Files\Bonjour

VM Arguments:
jvm_args: -javaagent:C:\Program Files\JetBrains\IntelliJ IDEA Community Edition 2019.2.4\lib\idea_rt.jar=63089:C:\Program Files\JetBrains\IntelliJ IDEA Community Edition 2019.2.4\bin -Dfile.encoding=UTF-8 
java_command: com.example.test.BackendApplication
java_class_path (initial): C:\Users\Alexey\Documents\Projects\test_Wisercat\test\target\classes;C:\Users\Alexey\.m2\repository\org\springframework\boot\spring-boot-starter-web\2.3.1.RELEASE\spring-boot-starter-web-2.3.1.RELEASE.jar;C:\Users\Alexey\.m2\repository\org\springframework\boot\spring-boot-starter\2.3.1.RELEASE\spring-boot-starter-2.3.1.RELEASE.jar;C:\Users\Alexey\.m2\repository\org\springframework\boot\spring-boot\2.3.1.RELEASE\spring-boot-2.3.1.RELEASE.jar;C:\Users\Alexey\.m2\repository\org\springframework\boot\spring-boot-autoconfigure\2.3.1.RELEASE\spring-boot-autoconfigure-2.3.1.RELEASE.jar;C:\Users\Alexey\.m2\repository\org\springframework\boot\spring-boot-starter-logging\2.3.1.RELEASE\spring-boot-starter-logging-2.3.1.RELEASE.jar;C:\Users\Alexey\.m2\repository\ch\qos\logback\logback-classic\1.2.3\logback-classic-1.2.3.jar;C:\Users\Alexey\.m2\repository\ch\qos\logback\logback-core\1.2.3\logback-core-1.2.3.jar;C:\Users\Alexey\.m2\repository\org\apache\logging\log4j\log4j-to-slf4j\2.13.3\log4j-to-slf4j-2.13.3.jar;C:\Users\Alexey\.m2\repository\org\apache\logging\log4j\log4j-api\2.13.3\log4j-api-2.13.3.jar;C:\Users\Alexey\.m2\repository\org\slf4j\jul-to-slf4j\1.7.30\jul-to-slf4j-1.7.30.jar;C:\Users\Alexey\.m2\repository\jakarta\annotation\jakarta.annotation-api\1.3.5\jakarta.annotation-api-1.3.5.jar;C:\Users\Alexey\.m2\repository\org\yaml\snakeyaml\1.26\snakeyaml-1.26.jar;C:\Users\Alexey\.m2\repository\org\springframework\boot\spring-boot-starter-json\2.3.1.RELEASE\spring-boot-starter-json-2.3.1.RELEASE.jar;C:\Users\Alexey\.m2\repository\com\fasterxml\jackson\core\jackson-databind\2.11.0\jackson-databind-2.11.0.jar;C:\Users\Alexey\.m2\repository\com\fasterxml\jackson\core\jackson-annotations\2.11.0\jackson-annotations-2.11.0.jar;C:\Users\Alexey\.m2\repository\com\fasterxml\jackson\core\jackson-core\2.11.0\jackson-core-2.11.0.jar;C:\Users\Alexey\.m2\repository\com\fasterxml\jackson\datatype\jackson-datatype-jdk8\2.11.0\jackson-datatype-jdk8-2.11.0.jar;C
Launcher Type: SUN_STANDARD

[Global flags]
     intx CICompilerCount                          = 3                                         {product} {ergonomic}
     uint ConcGCThreads                            = 1                                         {product} {ergonomic}
     uint G1ConcRefinementThreads                  = 4                                         {product} {ergonomic}
   size_t G1HeapRegionSize                         = 1048576                                   {product} {ergonomic}
    uintx GCDrainStackTargetSize                   = 64                                        {product} {ergonomic}
   size_t InitialHeapSize                          = 268435456                                 {product} {ergonomic}
   size_t MarkStackSize                            = 4194304                                   {product} {ergonomic}
   size_t MaxHeapSize                              = 4276092928                                {product} {ergonomic}
   size_t MaxNewSize                               = 2564816896                                {product} {ergonomic}
   size_t MinHeapDeltaBytes                        = 1048576                                   {product} {ergonomic}
   size_t MinHeapSize                              = 8388608                                   {product} {ergonomic}
    uintx NonNMethodCodeHeapSize                   = 5830732                                {pd product} {ergonomic}
    uintx NonProfiledCodeHeapSize                  = 122913754                              {pd product} {ergonomic}
    uintx ProfiledCodeHeapSize                     = 122913754                              {pd product} {ergonomic}
    uintx ReservedCodeCacheSize                    = 251658240                              {pd product} {ergonomic}
     bool SegmentedCodeCache                       = true                                      {product} {ergonomic}
   size_t SoftMaxHeapSize                          = 4276092928                             {manageable} {ergonomic}
     bool UseCompressedClassPointers               = true                                 {lp64_product} {ergonomic}
     bool UseCompressedOops                        = true                                 {lp64_product} {ergonomic}
     bool UseG1GC                                  = true                                      {product} {ergonomic}
     bool UseLargePagesIndividualAllocation        = false                                  {pd product} {ergonomic}

Logging:
Log output configuration:
 #0: stdout all=warning uptime,level,tags
 #1: stderr all=off uptime,level,tags

Environment Variables:
JAVA_HOME=C:\Program Files\Java\jdk-13.0.1\
PATH=C:\Python27\;C:\Python27\Scripts;C:\Program Files\Java\jdk-13.0.1\bin;C:\Program Files (x86)\Razer\ChromaBroadcast\bin;C:\Program Files\Razer\ChromaBroadcast\bin;C:\Program Files (x86)\Razer Chroma SDK\bin;C:\Program Files\Razer Chroma SDK\bin;C:\Windows\system32;C:\Windows;C:\Windows\System32\Wbem;C:\Windows\System32\WindowsPowerShell\v1.0\;C:\Windows\System32\OpenSSH\;C:\Windows\system32\config\systemprofile\AppData\Local\Microsoft\WindowsApps;C:\Program Files (x86)\NVIDIA Corporation\PhysX\Common;C:\Program Files (x86)\IDEMIA\AWP\Dlls;C:\Program Files\IDEMIA\AWP\Dlls;C:\Program Files\PuTTY\;C:\Program Files\nodejs\;C:\ProgramData\chocolatey\bin;C:\Program Files\Docker\Docker\resources\bin;C:\ProgramData\DockerDesktop\version-bin;C:\Program Files\apache-maven-3.6.3\bin;C:\Program Files\Java\jdk-13.0.1\;C:\Program Files\MySQL\MySQL Shell 8.0\bin\;C:\Program Files\Java\jdk-13.0.1\bin;;C:\Users\Alexey\AppData\Local\Programs\Microsoft VS Code\bin;C:\Users\Alexey\AppData\Roaming\npm;C:\Program Files\JetBrains\IntelliJ IDEA 2020.1\bin;
USERNAME=Alexey
OS=Windows_NT
PROCESSOR_IDENTIFIER=Intel64 Family 6 Model 60 Stepping 3, GenuineIntel



---------------  S Y S T E M  ---------------

OS: Windows 10 , 64 bit Build 17763 (10.0.17763.1158)
HyperV virtualization detected

CPU:total 4 (initial active 4) (4 cores per cpu, 1 threads per core) family 6 model 60 stepping 3, cmov, cx8, fxsr, mmx, sse, sse2, sse3, ssse3, sse4.1, sse4.2, popcnt, avx, avx2, aes, clmul, erms, lzcnt, tsc, tscinvbit, bmi1, bmi2, fma

Memory: 4k page, system-wide physical 16311M (7081M free)
TotalPageFile size 17111M (AvailPageFile size 5M)
current process WorkingSet (physical memory assigned to process): 112M, peak: 112M
current process commit charge ("private bytes"): 373M, peak: 374M

vm_info: Java HotSpot(TM) 64-Bit Server VM (13.0.1+9) for windows-amd64 JRE (13.0.1+9), built on Oct  6 2019 12:37:49 by "mach5one" with unknown MS VC++:1916

END.
